<?xml version="1.0" encoding="UTF-8"?>
<!-- Generated by org.testng.reporters.JUnitXMLReporter -->
<testsuite ignored="0" hostname="DESKTOP-HQT2HP1" failures="0" tests="3" name="Registration Test" time="6.323" errors="0" timestamp="2023-10-17T17:10:51 EDT">
  <testcase classname="com.facebook.registrationTests.RegistrationTest" name="fabihaRegistrationTest" time="0.8"/>
  <testcase classname="com.facebook.registrationTests.RegistrationTest" name="farukRegistrationTest" time="0.66"/>
  <testcase classname="com.facebook.registrationTests.RegistrationTest2" name="faizaRegistrationTest" time="0.576"/>
</testsuite> <!-- Registration Test -->
