<?xml version="1.0" encoding="UTF-8"?>
<!-- Generated by org.testng.reporters.JUnitXMLReporter -->
<testsuite ignored="0" hostname="DESKTOP-HQT2HP1" failures="1" tests="4" name="Registration Test" time="9.876" errors="0" timestamp="2023-10-23T13:34:24 EDT">
  <testcase classname="com.facebook.registrationTests.RegistrationTest" name="farukRegistrationTest" time="0.882"/>
  <testcase classname="com.facebook.registrationTests.RegistrationTest" name="fabihaRegistrationTest" time="0.687">
    <failure type="java.lang.AssertionError" message="expected [Facebook - log in or sign up] but found [hello]">
      <![CDATA[java.lang.AssertionError: expected [Facebook - log in or sign up] but found [hello]
at com.facebook.registrationTests.RegistrationTest.fabihaRegistrationTest(RegistrationTest.java:58)
at java.base/java.util.ArrayList.forEach(ArrayList.java:1511)
... Removed 31 stack frames]]>
    </failure>
  </testcase> <!-- fabihaRegistrationTest -->
  <testcase classname="com.facebook.registrationTests.RegistrationTest" name="testSkipped" time="0.0">
    <skipped/>
  </testcase> <!-- testSkipped -->
  <testcase classname="com.facebook.registrationTests.RegistrationTest2" name="faizaRegistrationTest" time="0.742"/>
</testsuite> <!-- Registration Test -->
