<?xml version="1.0" encoding="UTF-8"?>
<!-- Generated by org.testng.reporters.JUnitXMLReporter -->
<testsuite ignored="0" hostname="Sumon" failures="0" tests="5" name="Login Test" time="11.917" errors="0" timestamp="2023-11-07T21:58:12 EST">
  <testcase classname="com.facebook.loginTests.LoginTest" name="loginTest" time="1.483"/>
  <testcase classname="com.facebook.loginTests.LoginFunctionalTest" name="userNameTest" time="0.032"/>
  <testcase classname="com.facebook.loginTests.LoginTest" name="loginTest1" time="0.126"/>
  <testcase classname="com.facebook.loginTests.LoginFunctionalTest" name="passwoedTest" time="0.05"/>
  <testcase classname="com.facebook.loginTests.LoginFunctionalTest" name="loginButtonTest" time="0.046"/>
</testsuite> <!-- Login Test -->
