<?xml version="1.0" encoding="UTF-8"?>
<!-- Generated by org.testng.reporters.JUnitXMLReporter -->
<testsuite ignored="0" hostname="DESKTOP-HQT2HP1" failures="0" tests="4" name="Login Test" time="7.725" errors="0" timestamp="2023-10-17T17:06:52 EDT">
  <testcase classname="com.facebook.loginTests.LoginTest" name="loginTest" time="0.106"/>
  <testcase classname="com.facebook.loginTests.LoginFunctionalTest" name="userNameTest" time="0.034"/>
  <testcase classname="com.facebook.loginTests.LoginFunctionalTest" name="passwoedTest" time="0.037"/>
  <testcase classname="com.facebook.loginTests.LoginFunctionalTest" name="loginButtonTest" time="0.046"/>
</testsuite> <!-- Login Test -->
