<?xml version="1.0" encoding="UTF-8"?>
<!-- Generated by org.testng.reporters.JUnitXMLReporter -->
<testsuite ignored="0" hostname="DESKTOP-HQT2HP1" failures="0" tests="3" name="Registration Test" time="5.504" errors="0" timestamp="2023-10-17T17:06:50 EDT">
  <testcase classname="com.facebook.registrationTests.RegistrationTest" name="fabihaRegistrationTest" time="0.904"/>
  <testcase classname="com.facebook.registrationTests.RegistrationTest2" name="faizaRegistrationTest" time="0.824"/>
  <testcase classname="com.facebook.registrationTests.RegistrationTest" name="farukRegistrationTest" time="0.646"/>
</testsuite> <!-- Registration Test -->
