<?xml version="1.0" encoding="UTF-8"?>
<!-- Generated by org.testng.reporters.JUnitXMLReporter -->
<testsuite ignored="0" hostname="Sumon" failures="1" tests="4" name="Registration Test" time="8.58" errors="0" timestamp="2023-11-07T21:58:09 EST">
  <testcase classname="com.facebook.registrationTests.RegistrationTest" name="farukRegistrationTest" time="1.367"/>
  <testcase classname="com.facebook.registrationTests.RegistrationTest2" name="faizaRegistrationTest" time="1.414"/>
  <testcase classname="com.facebook.registrationTests.RegistrationTest" name="fabihaRegistrationTest" time="0.88">
    <failure type="java.lang.AssertionError" message="expected [Facebook - log in or sign up] but found [hello]">
      <![CDATA[java.lang.AssertionError: expected [Facebook - log in or sign up] but found [hello]
at com.facebook.registrationTests.RegistrationTest.fabihaRegistrationTest(RegistrationTest.java:58)
at java.base/java.util.concurrent.ThreadPoolExecutor.runWorker(ThreadPoolExecutor.java:1144)
at java.base/java.util.concurrent.ThreadPoolExecutor$Worker.run(ThreadPoolExecutor.java:642)
at java.base/java.lang.Thread.run(Thread.java:1623)
... Removed 16 stack frames]]>
    </failure>
  </testcase> <!-- fabihaRegistrationTest -->
  <testcase classname="com.facebook.registrationTests.RegistrationTest" name="testSkipped" time="0.0">
    <skipped/>
  </testcase> <!-- testSkipped -->
</testsuite> <!-- Registration Test -->
