<?xml version="1.0" encoding="UTF-8"?>
<!-- Generated by org.testng.reporters.JUnitXMLReporter -->
<testsuite ignored="1" hostname="DESKTOP-HQT2HP1" failures="0" tests="1" name="Login Test" time="2.163" errors="0" timestamp="2023-10-17T17:38:12 EDT">
  <testcase classname="com.facebook.loginTests.LoginTest" name="loginTest" time="0.098"/>
  <testcase classname="com.facebook.loginTests.LoginTest" name="loginTest1" time="0.0">
    <ignored/>
  </testcase> <!-- loginTest1 -->
</testsuite> <!-- Login Test -->
