<?xml version="1.0" encoding="UTF-8"?>
<!-- Generated by org.testng.reporters.JUnitXMLReporter -->
<testsuite ignored="2" hostname="DESKTOP-HQT2HP1" failures="0" tests="1" name="Registration Test" time="2.06" errors="0" timestamp="2023-10-18T15:32:05 EDT">
  <testcase classname="com.facebook.registrationTests.RegistrationTest" name="farukRegistrationTest" time="0.86"/>
  <testcase classname="com.facebook.registrationTests.RegistrationTest" name="fabihaRegistrationTest" time="0.0">
    <ignored/>
  </testcase> <!-- fabihaRegistrationTest -->
  <testcase classname="com.facebook.registrationTests.RegistrationTest" name="testSkipped" time="0.0">
    <ignored/>
  </testcase> <!-- testSkipped -->
</testsuite> <!-- Registration Test -->
