<?xml version="1.0" encoding="UTF-8"?>
<!-- Generated by org.testng.reporters.JUnitXMLReporter -->
<testsuite ignored="1" hostname="DESKTOP-HQT2HP1" failures="0" tests="1" name="Registration Test" time="1.939" errors="0" timestamp="2023-10-17T17:38:14 EDT">
  <testcase classname="com.facebook.registrationTests.RegistrationTest" name="farukRegistrationTest" time="0.783"/>
  <testcase classname="com.facebook.registrationTests.RegistrationTest" name="fabihaRegistrationTest" time="0.0">
    <ignored/>
  </testcase> <!-- fabihaRegistrationTest -->
</testsuite> <!-- Registration Test -->
