<?xml version="1.0" encoding="UTF-8"?>
<!-- Generated by org.testng.reporters.JUnitXMLReporter -->
<testsuite ignored="4" hostname="DESKTOP-HQT2HP1" failures="0" tests="4" name="Test" time="7.228" errors="0" timestamp="2023-10-17T19:24:29 EDT">
  <testcase classname="com.facebook.registrationTests.RegistrationTest2" name="faizaRegistrationTest" time="0.925"/>
  <testcase classname="com.facebook.registrationTests.RegistrationTest" name="fabihaRegistrationTest" time="0.727"/>
  <testcase classname="com.facebook.loginTests.LoginTest" name="loginTest" time="0.093"/>
  <testcase classname="com.facebook.loginTests.LoginTest" name="loginTest1" time="0.097"/>
  <testcase classname="com.facebook.loginTests.LoginFunctionalTest" name="passwoedTest" time="0.0">
    <ignored/>
  </testcase> <!-- passwoedTest -->
  <testcase classname="com.facebook.loginTests.LoginFunctionalTest" name="userNameTest" time="0.0">
    <ignored/>
  </testcase> <!-- userNameTest -->
  <testcase classname="com.facebook.loginTests.LoginFunctionalTest" name="loginButtonTest" time="0.0">
    <ignored/>
  </testcase> <!-- loginButtonTest -->
  <testcase classname="com.facebook.registrationTests.RegistrationTest" name="farukRegistrationTest" time="0.0">
    <ignored/>
  </testcase> <!-- farukRegistrationTest -->
</testsuite> <!-- Test -->
