<?xml version="1.0" encoding="UTF-8"?>
<testng-results ignored="4" total="8" passed="4" failed="0" skipped="0">
  <reporter-output>
  </reporter-output>
  <suite started-at="2023-10-17T19:24:22 EDT" name="Regression Suite" finished-at="2023-10-17T19:24:29 EDT" duration-ms="7228">
    <groups>
      <group name="Sprint3">
        <method signature="RegistrationTest2.faizaRegistrationTest()[pri:0, instance:com.facebook.registrationTests.RegistrationTest2@34e9fd99]" name="faizaRegistrationTest" class="com.facebook.registrationTests.RegistrationTest2"/>
      </group> <!-- Sprint3 -->
      <group name="Regression">
        <method signature="LoginTest.loginTest()[pri:0, instance:com.facebook.loginTests.LoginTest@3c9754d8]" name="loginTest" class="com.facebook.loginTests.LoginTest"/>
        <method signature="RegistrationTest2.faizaRegistrationTest()[pri:0, instance:com.facebook.registrationTests.RegistrationTest2@34e9fd99]" name="faizaRegistrationTest" class="com.facebook.registrationTests.RegistrationTest2"/>
        <method signature="LoginTest.loginTest1()[pri:1, instance:com.facebook.loginTests.LoginTest@3c9754d8]" name="loginTest1" class="com.facebook.loginTests.LoginTest"/>
        <method signature="RegistrationTest.fabihaRegistrationTest()[pri:1, instance:com.facebook.registrationTests.RegistrationTest@7c6908d7]" name="fabihaRegistrationTest" class="com.facebook.registrationTests.RegistrationTest"/>
      </group> <!-- Regression -->
      <group name="Smoke">
        <method signature="LoginTest.loginTest()[pri:0, instance:com.facebook.loginTests.LoginTest@3c9754d8]" name="loginTest" class="com.facebook.loginTests.LoginTest"/>
        <method signature="RegistrationTest2.faizaRegistrationTest()[pri:0, instance:com.facebook.registrationTests.RegistrationTest2@34e9fd99]" name="faizaRegistrationTest" class="com.facebook.registrationTests.RegistrationTest2"/>
      </group> <!-- Smoke -->
    </groups>
    <test started-at="2023-10-17T19:24:22 EDT" name="Test" finished-at="2023-10-17T19:24:29 EDT" duration-ms="7228">
      <class name="com.facebook.registrationTests.RegistrationTest">
        <test-method is-config="true" signature="openFacebook()[pri:0, instance:com.facebook.registrationTests.RegistrationTest@7c6908d7]" started-at="2023-10-17T19:24:25 EDT" name="openFacebook" finished-at="2023-10-17T19:24:26 EDT" duration-ms="1129" status="PASS">
          <reporter-output>
          </reporter-output>
        </test-method> <!-- openFacebook -->
        <test-method signature="fabihaRegistrationTest()[pri:1, instance:com.facebook.registrationTests.RegistrationTest@7c6908d7]" started-at="2023-10-17T19:24:26 EDT" name="fabihaRegistrationTest" finished-at="2023-10-17T19:24:27 EDT" duration-ms="727" status="PASS">
          <reporter-output>
          </reporter-output>
        </test-method> <!-- fabihaRegistrationTest -->
        <test-method is-config="true" signature="closeFacebook()[pri:0, instance:com.facebook.registrationTests.RegistrationTest@7c6908d7]" started-at="2023-10-17T19:24:27 EDT" name="closeFacebook" finished-at="2023-10-17T19:24:27 EDT" duration-ms="84" status="PASS">
          <reporter-output>
          </reporter-output>
        </test-method> <!-- closeFacebook -->
      </class> <!-- com.facebook.registrationTests.RegistrationTest -->
      <class name="com.facebook.registrationTests.RegistrationTest2">
        <test-method is-config="true" signature="openFacebook()[pri:0, instance:com.facebook.registrationTests.RegistrationTest2@34e9fd99]" started-at="2023-10-17T19:24:22 EDT" name="openFacebook" finished-at="2023-10-17T19:24:24 EDT" duration-ms="1790" status="PASS">
          <reporter-output>
          </reporter-output>
        </test-method> <!-- openFacebook -->
        <test-method signature="faizaRegistrationTest()[pri:0, instance:com.facebook.registrationTests.RegistrationTest2@34e9fd99]" started-at="2023-10-17T19:24:24 EDT" name="faizaRegistrationTest" finished-at="2023-10-17T19:24:25 EDT" duration-ms="925" status="PASS">
          <reporter-output>
          </reporter-output>
        </test-method> <!-- faizaRegistrationTest -->
        <test-method is-config="true" signature="closeFacebook()[pri:0, instance:com.facebook.registrationTests.RegistrationTest2@34e9fd99]" started-at="2023-10-17T19:24:25 EDT" name="closeFacebook" finished-at="2023-10-17T19:24:25 EDT" duration-ms="69" status="PASS">
          <reporter-output>
          </reporter-output>
        </test-method> <!-- closeFacebook -->
      </class> <!-- com.facebook.registrationTests.RegistrationTest2 -->
      <class name="com.facebook.loginTests.LoginTest">
        <test-method is-config="true" signature="openFacebook()[pri:0, instance:com.facebook.loginTests.LoginTest@3c9754d8]" started-at="2023-10-17T19:24:27 EDT" name="openFacebook" finished-at="2023-10-17T19:24:28 EDT" duration-ms="1073" status="PASS">
          <reporter-output>
          </reporter-output>
        </test-method> <!-- openFacebook -->
        <test-method signature="loginTest()[pri:0, instance:com.facebook.loginTests.LoginTest@3c9754d8]" started-at="2023-10-17T19:24:28 EDT" name="loginTest" finished-at="2023-10-17T19:24:28 EDT" duration-ms="93" status="PASS">
          <reporter-output>
          </reporter-output>
        </test-method> <!-- loginTest -->
        <test-method is-config="true" signature="closeFacebook()[pri:0, instance:com.facebook.loginTests.LoginTest@3c9754d8]" started-at="2023-10-17T19:24:28 EDT" name="closeFacebook" finished-at="2023-10-17T19:24:28 EDT" duration-ms="76" status="PASS">
          <reporter-output>
          </reporter-output>
        </test-method> <!-- closeFacebook -->
        <test-method is-config="true" signature="openFacebook()[pri:0, instance:com.facebook.loginTests.LoginTest@3c9754d8]" started-at="2023-10-17T19:24:28 EDT" name="openFacebook" finished-at="2023-10-17T19:24:29 EDT" duration-ms="1080" status="PASS">
          <reporter-output>
          </reporter-output>
        </test-method> <!-- openFacebook -->
        <test-method signature="loginTest1()[pri:1, instance:com.facebook.loginTests.LoginTest@3c9754d8]" started-at="2023-10-17T19:24:29 EDT" name="loginTest1" finished-at="2023-10-17T19:24:29 EDT" duration-ms="97" status="PASS">
          <reporter-output>
          </reporter-output>
        </test-method> <!-- loginTest1 -->
        <test-method is-config="true" signature="closeFacebook()[pri:0, instance:com.facebook.loginTests.LoginTest@3c9754d8]" started-at="2023-10-17T19:24:29 EDT" name="closeFacebook" finished-at="2023-10-17T19:24:29 EDT" duration-ms="57" status="PASS">
          <reporter-output>
          </reporter-output>
        </test-method> <!-- closeFacebook -->
      </class> <!-- com.facebook.loginTests.LoginTest -->
    </test> <!-- Test -->
  </suite> <!-- Regression Suite -->
</testng-results>
