<?xml version="1.0" encoding="UTF-8"?>
<testng-results ignored="0" total="2" passed="2" failed="0" skipped="0">
  <reporter-output>
  </reporter-output>
  <suite started-at="2023-11-19T12:49:45 EST" name="Default suite" finished-at="2023-11-19T12:49:49 EST" duration-ms="4464">
    <groups>
      <group name="Regression">
        <method signature="LoginTest.loginTest()[pri:0, instance:com.facebook.loginTests.LoginTest@7dcf94f8]" name="loginTest" class="com.facebook.loginTests.LoginTest"/>
        <method signature="LoginTest.loginTest1()[pri:1, instance:com.facebook.loginTests.LoginTest@7dcf94f8]" name="loginTest1" class="com.facebook.loginTests.LoginTest"/>
      </group> <!-- Regression -->
      <group name="Smoke">
        <method signature="LoginTest.loginTest()[pri:0, instance:com.facebook.loginTests.LoginTest@7dcf94f8]" name="loginTest" class="com.facebook.loginTests.LoginTest"/>
      </group> <!-- Smoke -->
    </groups>
    <test started-at="2023-11-19T12:49:45 EST" name="Default test" finished-at="2023-11-19T12:49:49 EST" duration-ms="4464">
      <class name="com.facebook.loginTests.LoginTest">
        <test-method is-config="true" signature="startSuites()[pri:0, instance:com.facebook.loginTests.LoginTest@7dcf94f8]" started-at="2023-11-19T12:49:45 EST" name="startSuites" finished-at="2023-11-19T12:49:45 EST" duration-ms="5" status="PASS">
          <reporter-output>
          </reporter-output>
        </test-method> <!-- startSuites -->
        <test-method is-config="true" signature="openFacebook()[pri:0, instance:com.facebook.loginTests.LoginTest@7dcf94f8]" started-at="2023-11-19T12:49:45 EST" name="openFacebook" finished-at="2023-11-19T12:49:46 EST" duration-ms="1728" status="PASS">
          <reporter-output>
          </reporter-output>
        </test-method> <!-- openFacebook -->
        <test-method signature="loginTest()[pri:0, instance:com.facebook.loginTests.LoginTest@7dcf94f8]" started-at="2023-11-19T12:49:46 EST" name="loginTest" finished-at="2023-11-19T12:49:48 EST" duration-ms="1499" status="PASS">
          <reporter-output>
          </reporter-output>
        </test-method> <!-- loginTest -->
        <test-method is-config="true" signature="closeFacebook()[pri:0, instance:com.facebook.loginTests.LoginTest@7dcf94f8]" started-at="2023-11-19T12:49:48 EST" name="closeFacebook" finished-at="2023-11-19T12:49:48 EST" duration-ms="56" status="PASS">
          <reporter-output>
          </reporter-output>
        </test-method> <!-- closeFacebook -->
        <test-method is-config="true" signature="openFacebook()[pri:0, instance:com.facebook.loginTests.LoginTest@7dcf94f8]" started-at="2023-11-19T12:49:48 EST" name="openFacebook" finished-at="2023-11-19T12:49:49 EST" duration-ms="1005" status="PASS">
          <reporter-output>
          </reporter-output>
        </test-method> <!-- openFacebook -->
        <test-method signature="loginTest1()[pri:1, instance:com.facebook.loginTests.LoginTest@7dcf94f8]" started-at="2023-11-19T12:49:49 EST" name="loginTest1" finished-at="2023-11-19T12:49:49 EST" duration-ms="98" status="PASS">
          <reporter-output>
          </reporter-output>
        </test-method> <!-- loginTest1 -->
        <test-method is-config="true" signature="closeFacebook()[pri:0, instance:com.facebook.loginTests.LoginTest@7dcf94f8]" started-at="2023-11-19T12:49:49 EST" name="closeFacebook" finished-at="2023-11-19T12:49:49 EST" duration-ms="57" status="PASS">
          <reporter-output>
          </reporter-output>
        </test-method> <!-- closeFacebook -->
        <test-method is-config="true" signature="afterSuites()[pri:0, instance:com.facebook.loginTests.LoginTest@7dcf94f8]" started-at="2023-11-19T12:49:49 EST" name="afterSuites" finished-at="2023-11-19T12:49:49 EST" duration-ms="0" status="PASS">
          <reporter-output>
          </reporter-output>
        </test-method> <!-- afterSuites -->
      </class> <!-- com.facebook.loginTests.LoginTest -->
    </test> <!-- Default test -->
  </suite> <!-- Default suite -->
</testng-results>
