<?xml version="1.0" encoding="UTF-8"?>
<!-- Generated by org.testng.reporters.JUnitXMLReporter -->
<testsuite ignored="0" hostname="DESKTOP-HQT2HP1" failures="0" tests="4" name="LoginTest" time="5.506" errors="0" timestamp="2023-10-17T17:11:39 EDT">
  <testcase classname="com.facebook.loginTests.LoginTest" name="loginTest" time="0.097"/>
  <testcase classname="com.facebook.loginTests.LoginFunctionalTest" name="userNameTest" time="0.028"/>
  <testcase classname="com.facebook.loginTests.LoginFunctionalTest" name="passwoedTest" time="0.04"/>
  <testcase classname="com.facebook.loginTests.LoginFunctionalTest" name="loginButtonTest" time="0.039"/>
</testsuite> <!-- LoginTest -->
