<?xml version="1.0" encoding="UTF-8"?>
<!-- Generated by org.testng.reporters.JUnitXMLReporter -->
<testsuite ignored="0" hostname="DESKTOP-HQT2HP1" failures="0" tests="5" name="LoginTest" time="19.809" errors="0" timestamp="2023-10-17T21:42:58 EDT">
  <testcase classname="com.facebook.loginTests.LoginTest" name="loginTest" time="0.104"/>
  <testcase classname="com.facebook.loginTests.LoginFunctionalTest" name="userNameTest" time="0.029"/>
  <testcase classname="com.facebook.loginTests.LoginTest" name="loginTest1" time="0.09"/>
  <testcase classname="com.facebook.loginTests.LoginFunctionalTest" name="passwoedTest" time="0.04"/>
  <testcase classname="com.facebook.loginTests.LoginFunctionalTest" name="loginButtonTest" time="0.031"/>
</testsuite> <!-- LoginTest -->
